{"level":"error","message":"[TRIGGER] Vapi API call failed for Vikram Singh: Invalid Key. Hot tip, you may be using the private key instead of the public key, or vice versa.","timestamp":"2026-03-06T19:08:51.529Z"}
{"level":"error","message":"[TRIGGER] Vapi API call failed for Kavya Reddy: Invalid Key. Hot tip, you may be using the private key instead of the public key, or vice versa.","timestamp":"2026-03-06T19:08:54.498Z"}
{"level":"error","message":"[TRIGGER] Vapi API call failed for Rohan Das: Invalid Key. Hot tip, you may be using the private key instead of the public key, or vice versa.","timestamp":"2026-03-06T19:08:59.274Z"}
{"level":"error","message":"[TRIGGER] Vapi API call failed for Vikram Singh: Invalid Key. Hot tip, you may be using the private key instead of the public key, or vice versa.","timestamp":"2026-03-06T19:11:18.105Z"}
{"level":"error","message":"[TRIGGER] Vapi API call failed for Kavya Reddy: Invalid Key. Hot tip, you may be using the private key instead of the public key, or vice versa.","timestamp":"2026-03-06T19:11:19.585Z"}
{"level":"error","message":"[TRIGGER] Vapi API call failed for Vikram Singh: Invalid Key. Hot tip, you may be using the private key instead of the public key, or vice versa.","timestamp":"2026-03-06T19:11:20.913Z"}
{"level":"error","message":"[TRIGGER] Vapi API call failed for Vikram Singh: Invalid Key. Hot tip, you may be using the private key instead of the public key, or vice versa.","timestamp":"2026-03-06T19:16:32.918Z"}
{"level":"error","message":"[TRIGGER] Vapi API call failed for Kavya Reddy: Invalid Key. Hot tip, you may be using the private key instead of the public key, or vice versa.","timestamp":"2026-03-06T19:16:36.977Z"}
{"level":"error","message":"[TRIGGER] Vapi API call failed for Rohan Das: Invalid Key. Hot tip, you may be using the private key instead of the public key, or vice versa.","timestamp":"2026-03-06T19:16:39.755Z"}
{"level":"error","message":"[TRIGGER] Vapi API call failed for Vikram Singh: Invalid Key. Hot tip, you may be using the private key instead of the public key, or vice versa.","timestamp":"2026-03-06T19:16:50.864Z"}
{"level":"error","message":"[TRIGGER] Vapi API call failed for Kavya Reddy: Invalid Key. Hot tip, you may be using the private key instead of the public key, or vice versa.","timestamp":"2026-03-06T19:16:53.421Z"}
{"level":"error","message":"[TRIGGER] Vapi API call failed for Rohan Das: Invalid Key. Hot tip, you may be using the private key instead of the public key, or vice versa.","timestamp":"2026-03-06T19:16:56.385Z"}
{"level":"error","message":"[TRIGGER] Vapi API call failed for Vikram Singh: Invalid Key. Hot tip, you may be using the private key instead of the public key, or vice versa.","timestamp":"2026-03-06T19:17:23.450Z"}
{"level":"error","message":"[TRIGGER] Vapi API call failed for Kavya Reddy: Invalid Key. Hot tip, you may be using the private key instead of the public key, or vice versa.","timestamp":"2026-03-06T19:17:27.488Z"}
{"level":"error","message":"[TRIGGER] Vapi API call failed for Rohan Das: Invalid Key. Hot tip, you may be using the private key instead of the public key, or vice versa.","timestamp":"2026-03-06T19:17:30.027Z"}
{"level":"error","message":"[TRIGGER] Vapi API call failed for Vikram Singh: Invalid Key. Hot tip, you may be using the private key instead of the public key, or vice versa.","timestamp":"2026-03-06T19:18:12.557Z"}
{"level":"error","message":"[TRIGGER] Vapi API call failed for Kavya Reddy: Invalid Key. Hot tip, you may be using the private key instead of the public key, or vice versa.","timestamp":"2026-03-06T19:18:14.981Z"}
{"level":"error","message":"[TRIGGER] Vapi API call failed for Rohan Das: Invalid Key. Hot tip, you may be using the private key instead of the public key, or vice versa.","timestamp":"2026-03-06T19:18:17.833Z"}
{"level":"error","message":"[TRIGGER] Vapi API call failed for Vikram Singh: Invalid Key. Hot tip, you may be using the private key instead of the public key, or vice versa.","timestamp":"2026-03-06T19:18:27.988Z"}
{"level":"error","message":"[TRIGGER] Vapi API call failed for Kavya Reddy: Invalid Key. Hot tip, you may be using the private key instead of the public key, or vice versa.","timestamp":"2026-03-06T19:18:30.884Z"}
{"level":"error","message":"[TRIGGER] Vapi API call failed for Rohan Das: Invalid Key. Hot tip, you may be using the private key instead of the public key, or vice versa.","timestamp":"2026-03-06T19:18:33.289Z"}
{"level":"error","message":"[TRIGGER] Vapi API call failed for Vikram Singh: Invalid Key. Hot tip, you may be using the private key instead of the public key, or vice versa.","timestamp":"2026-03-06T19:19:02.886Z"}
{"level":"error","message":"[TRIGGER] Vapi API call failed for Kavya Reddy: Invalid Key. Hot tip, you may be using the private key instead of the public key, or vice versa.","timestamp":"2026-03-06T19:19:06.988Z"}
{"level":"error","message":"[TRIGGER] Vapi API call failed for Rohan Das: Invalid Key. Hot tip, you may be using the private key instead of the public key, or vice versa.","timestamp":"2026-03-06T19:19:11.564Z"}
{"level":"error","message":"[TRIGGER] Vapi API call failed for Vikram Singh: Invalid Key. Hot tip, you may be using the private key instead of the public key, or vice versa.","timestamp":"2026-03-06T19:19:18.208Z"}
{"level":"error","message":"[TRIGGER] Vapi API call failed for Kavya Reddy: Invalid Key. Hot tip, you may be using the private key instead of the public key, or vice versa.","timestamp":"2026-03-06T19:19:20.532Z"}
{"level":"error","message":"[TRIGGER] Vapi API call failed for Rohan Das: Invalid Key. Hot tip, you may be using the private key instead of the public key, or vice versa.","timestamp":"2026-03-06T19:19:23.422Z"}
{"level":"error","message":"[TRIGGER] Vapi API call failed for Vikram Singh: Invalid Key. Hot tip, you may be using the private key instead of the public key, or vice versa.","timestamp":"2026-03-06T19:19:27.621Z"}
{"level":"error","message":"[TRIGGER] Vapi API call failed for Kavya Reddy: Invalid Key. Hot tip, you may be using the private key instead of the public key, or vice versa.","timestamp":"2026-03-06T19:19:30.076Z"}
{"level":"error","message":"[TRIGGER] Vapi API call failed for Rohan Das: Invalid Key. Hot tip, you may be using the private key instead of the public key, or vice versa.","timestamp":"2026-03-06T19:19:32.613Z"}
{"level":"error","message":"[TRIGGER] Vapi API call failed for Vikram Singh: Invalid Key. Hot tip, you may be using the private key instead of the public key, or vice versa.","timestamp":"2026-03-06T19:20:50.312Z"}
{"level":"error","message":"[TRIGGER] Vapi API call failed for Vikram Singh: Invalid Key. Hot tip, you may be using the private key instead of the public key, or vice versa.","timestamp":"2026-03-06T19:20:51.405Z"}
{"level":"error","message":"[TRIGGER] Vapi API call failed for Vikram Singh: Invalid Key. Hot tip, you may be using the private key instead of the public key, or vice versa.","timestamp":"2026-03-06T19:20:52.409Z"}
{"level":"error","message":"[TRIGGER] Vapi API call failed for Kavya Reddy: Invalid Key. Hot tip, you may be using the private key instead of the public key, or vice versa.","timestamp":"2026-03-06T19:20:53.073Z"}
{"level":"error","message":"[TRIGGER] Vapi API call failed for Kavya Reddy: Invalid Key. Hot tip, you may be using the private key instead of the public key, or vice versa.","timestamp":"2026-03-06T19:20:54.425Z"}
{"level":"error","message":"[TRIGGER] Vapi API call failed for Kavya Reddy: Invalid Key. Hot tip, you may be using the private key instead of the public key, or vice versa.","timestamp":"2026-03-06T19:20:55.267Z"}
{"level":"error","message":"[TRIGGER] Vapi API call failed for Rohan Das: Invalid Key. Hot tip, you may be using the private key instead of the public key, or vice versa.","timestamp":"2026-03-06T19:20:56.273Z"}
{"level":"error","message":"[TRIGGER] Vapi API call failed for Rohan Das: Invalid Key. Hot tip, you may be using the private key instead of the public key, or vice versa.","timestamp":"2026-03-06T19:20:57.287Z"}
{"level":"error","message":"[TRIGGER] Vapi API call failed for Rohan Das: Invalid Key. Hot tip, you may be using the private key instead of the public key, or vice versa.","timestamp":"2026-03-06T19:20:58.293Z"}
{"level":"error","message":"[TRIGGER] Vapi API call failed for Priya Sharma: Invalid Key. Hot tip, you may be using the private key instead of the public key, or vice versa.","timestamp":"2026-03-06T19:21:10.609Z"}
{"level":"error","message":"[TRIGGER] Vapi API call failed for Priya Sharma: Invalid Key. Hot tip, you may be using the private key instead of the public key, or vice versa.","timestamp":"2026-03-06T19:21:12.691Z"}
{"level":"error","message":"[TRIGGER] Vapi API call failed for Arjun Kumar: Invalid Key. Hot tip, you may be using the private key instead of the public key, or vice versa.","timestamp":"2026-03-06T19:21:13.037Z"}
{"level":"error","message":"[TRIGGER] Vapi API call failed for Arjun Kumar: Invalid Key. Hot tip, you may be using the private key instead of the public key, or vice versa.","timestamp":"2026-03-06T19:21:15.075Z"}
{"level":"error","message":"[TRIGGER] Vapi API call failed for Meera Nair: Invalid Key. Hot tip, you may be using the private key instead of the public key, or vice versa.","timestamp":"2026-03-06T19:21:15.702Z"}
{"level":"error","message":"[TRIGGER] Vapi API call failed for Meera Nair: Invalid Key. Hot tip, you may be using the private key instead of the public key, or vice versa.","timestamp":"2026-03-06T19:21:17.704Z"}
{"level":"error","message":"[TRIGGER] Vapi API call failed for Ananya Iyer: Invalid Key. Hot tip, you may be using the private key instead of the public key, or vice versa.","timestamp":"2026-03-06T19:21:18.823Z"}
{"level":"error","message":"[TRIGGER] Vapi API call failed for Ananya Iyer: Invalid Key. Hot tip, you may be using the private key instead of the public key, or vice versa.","timestamp":"2026-03-06T19:21:20.526Z"}
{"level":"error","message":"[TRIGGER] Vapi API call failed for Priya Sharma: Invalid Key. Hot tip, you may be using the private key instead of the public key, or vice versa.","timestamp":"2026-03-06T19:23:41.036Z"}
{"level":"error","message":"[TRIGGER] Vapi API call failed for Arjun Kumar: Invalid Key. Hot tip, you may be using the private key instead of the public key, or vice versa.","timestamp":"2026-03-06T19:23:43.653Z"}
{"level":"error","message":"[TRIGGER] Vapi API call failed for Priya Sharma: Invalid Key. Hot tip, you may be using the private key instead of the public key, or vice versa.","timestamp":"2026-03-06T19:23:44.821Z"}
{"level":"error","message":"[TRIGGER] Vapi API call failed for Meera Nair: Invalid Key. Hot tip, you may be using the private key instead of the public key, or vice versa.","timestamp":"2026-03-06T19:23:46.941Z"}
{"level":"error","message":"[TRIGGER] Vapi API call failed for Arjun Kumar: Invalid Key. Hot tip, you may be using the private key instead of the public key, or vice versa.","timestamp":"2026-03-06T19:23:50.043Z"}
{"level":"error","message":"[TRIGGER] Vapi API call failed for Ananya Iyer: Invalid Key. Hot tip, you may be using the private key instead of the public key, or vice versa.","timestamp":"2026-03-06T19:23:50.050Z"}
{"level":"error","message":"[TRIGGER] Vapi API call failed for Meera Nair: Invalid Key. Hot tip, you may be using the private key instead of the public key, or vice versa.","timestamp":"2026-03-06T19:23:52.428Z"}
{"level":"error","message":"[TRIGGER] Vapi API call failed for Ananya Iyer: Invalid Key. Hot tip, you may be using the private key instead of the public key, or vice versa.","timestamp":"2026-03-06T19:23:55.048Z"}
{"level":"error","message":"[TRIGGER] Vapi API call failed for Priya Sharma: Invalid Key. Hot tip, you may be using the private key instead of the public key, or vice versa.","timestamp":"2026-03-06T19:25:11.910Z"}
{"level":"error","message":"[TRIGGER] Vapi API call failed for Priya Sharma: Invalid Key. Hot tip, you may be using the private key instead of the public key, or vice versa.","timestamp":"2026-03-06T19:25:12.979Z"}
{"level":"error","message":"[TRIGGER] Vapi API call failed for Priya Sharma: Invalid Key. Hot tip, you may be using the private key instead of the public key, or vice versa.","timestamp":"2026-03-06T19:25:12.982Z"}
{"level":"error","message":"[TRIGGER] Vapi API call failed for Priya Sharma: Invalid Key. Hot tip, you may be using the private key instead of the public key, or vice versa.","timestamp":"2026-03-06T19:25:12.984Z"}
{"level":"error","message":"[TRIGGER] Vapi API call failed for Arjun Kumar: Invalid Key. Hot tip, you may be using the private key instead of the public key, or vice versa.","timestamp":"2026-03-06T19:25:18.309Z"}
{"level":"error","message":"[TRIGGER] Vapi API call failed for Arjun Kumar: Invalid Key. Hot tip, you may be using the private key instead of the public key, or vice versa.","timestamp":"2026-03-06T19:25:18.312Z"}
{"level":"error","message":"[TRIGGER] Vapi API call failed for Arjun Kumar: Invalid Key. Hot tip, you may be using the private key instead of the public key, or vice versa.","timestamp":"2026-03-06T19:25:18.316Z"}
{"level":"error","message":"[TRIGGER] Vapi API call failed for Arjun Kumar: Invalid Key. Hot tip, you may be using the private key instead of the public key, or vice versa.","timestamp":"2026-03-06T19:25:18.326Z"}
{"level":"error","message":"[TRIGGER] Vapi API call failed for Meera Nair: Invalid Key. Hot tip, you may be using the private key instead of the public key, or vice versa.","timestamp":"2026-03-06T19:25:24.669Z"}
{"level":"error","message":"[TRIGGER] Vapi API call failed for Meera Nair: Invalid Key. Hot tip, you may be using the private key instead of the public key, or vice versa.","timestamp":"2026-03-06T19:25:24.671Z"}
{"level":"error","message":"[TRIGGER] Vapi API call failed for Meera Nair: Invalid Key. Hot tip, you may be using the private key instead of the public key, or vice versa.","timestamp":"2026-03-06T19:25:24.676Z"}
{"level":"error","message":"[TRIGGER] Vapi API call failed for Meera Nair: Invalid Key. Hot tip, you may be using the private key instead of the public key, or vice versa.","timestamp":"2026-03-06T19:25:24.689Z"}
{"level":"error","message":"[TRIGGER] Vapi API call failed for Ananya Iyer: Invalid Key. Hot tip, you may be using the private key instead of the public key, or vice versa.","timestamp":"2026-03-06T19:25:28.956Z"}
{"level":"error","message":"[TRIGGER] Vapi API call failed for Ananya Iyer: Invalid Key. Hot tip, you may be using the private key instead of the public key, or vice versa.","timestamp":"2026-03-06T19:25:28.960Z"}
{"level":"error","message":"[TRIGGER] Vapi API call failed for Ananya Iyer: Invalid Key. Hot tip, you may be using the private key instead of the public key, or vice versa.","timestamp":"2026-03-06T19:25:28.970Z"}
{"level":"error","message":"[TRIGGER] Vapi API call failed for Ananya Iyer: Invalid Key. Hot tip, you may be using the private key instead of the public key, or vice versa.","timestamp":"2026-03-06T19:25:28.988Z"}
{"level":"error","message":"[TRIGGER] Vapi API call failed for Priya Sharma: Invalid Key. Hot tip, you may be using the private key instead of the public key, or vice versa.","timestamp":"2026-03-06T19:27:38.790Z"}
{"level":"error","message":"[TRIGGER] Vapi API call failed for Priya Sharma: Invalid Key. Hot tip, you may be using the private key instead of the public key, or vice versa.","timestamp":"2026-03-06T19:27:39.058Z"}
{"level":"error","message":"[TRIGGER] Vapi API call failed for Priya Sharma: Invalid Key. Hot tip, you may be using the private key instead of the public key, or vice versa.","timestamp":"2026-03-06T19:27:39.091Z"}
{"level":"error","message":"[TRIGGER] Vapi API call failed for Priya Sharma: Invalid Key. Hot tip, you may be using the private key instead of the public key, or vice versa.","timestamp":"2026-03-06T19:27:39.252Z"}
{"level":"error","message":"[TRIGGER] Vapi API call failed for Priya Sharma: Invalid Key. Hot tip, you may be using the private key instead of the public key, or vice versa.","timestamp":"2026-03-06T19:27:39.452Z"}
{"level":"error","message":"[TRIGGER] Vapi API call failed for Priya Sharma: Invalid Key. Hot tip, you may be using the private key instead of the public key, or vice versa.","timestamp":"2026-03-06T19:27:40.039Z"}
{"level":"error","message":"[TRIGGER] Vapi API call failed for Priya Sharma: Invalid Key. Hot tip, you may be using the private key instead of the public key, or vice versa.","timestamp":"2026-03-06T19:27:40.043Z"}
{"level":"error","message":"[TRIGGER] Vapi API call failed for Arjun Kumar: Invalid Key. Hot tip, you may be using the private key instead of the public key, or vice versa.","timestamp":"2026-03-06T19:27:41.165Z"}
{"level":"error","message":"[TRIGGER] Vapi API call failed for Arjun Kumar: Invalid Key. Hot tip, you may be using the private key instead of the public key, or vice versa.","timestamp":"2026-03-06T19:27:41.360Z"}
{"level":"error","message":"[TRIGGER] Vapi API call failed for Arjun Kumar: Invalid Key. Hot tip, you may be using the private key instead of the public key, or vice versa.","timestamp":"2026-03-06T19:27:41.368Z"}
{"level":"error","message":"[TRIGGER] Vapi API call failed for Arjun Kumar: Invalid Key. Hot tip, you may be using the private key instead of the public key, or vice versa.","timestamp":"2026-03-06T19:27:41.576Z"}
{"level":"error","message":"[TRIGGER] Vapi API call failed for Arjun Kumar: Invalid Key. Hot tip, you may be using the private key instead of the public key, or vice versa.","timestamp":"2026-03-06T19:27:42.012Z"}
{"level":"error","message":"[TRIGGER] Vapi API call failed for Arjun Kumar: Invalid Key. Hot tip, you may be using the private key instead of the public key, or vice versa.","timestamp":"2026-03-06T19:27:43.247Z"}
{"level":"error","message":"[TRIGGER] Vapi API call failed for Arjun Kumar: Invalid Key. Hot tip, you may be using the private key instead of the public key, or vice versa.","timestamp":"2026-03-06T19:27:43.251Z"}
{"level":"error","message":"[TRIGGER] Vapi API call failed for Meera Nair: Invalid Key. Hot tip, you may be using the private key instead of the public key, or vice versa.","timestamp":"2026-03-06T19:27:43.546Z"}
{"level":"error","message":"[TRIGGER] Vapi API call failed for Meera Nair: Invalid Key. Hot tip, you may be using the private key instead of the public key, or vice versa.","timestamp":"2026-03-06T19:27:43.697Z"}
{"level":"error","message":"[TRIGGER] Vapi API call failed for Meera Nair: Invalid Key. Hot tip, you may be using the private key instead of the public key, or vice versa.","timestamp":"2026-03-06T19:27:43.726Z"}
{"level":"error","message":"[TRIGGER] Vapi API call failed for Meera Nair: Invalid Key. Hot tip, you may be using the private key instead of the public key, or vice versa.","timestamp":"2026-03-06T19:27:43.887Z"}
{"level":"error","message":"[TRIGGER] Vapi API call failed for Meera Nair: Invalid Key. Hot tip, you may be using the private key instead of the public key, or vice versa.","timestamp":"2026-03-06T19:27:44.690Z"}
{"level":"error","message":"[TRIGGER] Vapi API call failed for Meera Nair: Invalid Key. Hot tip, you may be using the private key instead of the public key, or vice versa.","timestamp":"2026-03-06T19:27:45.625Z"}
{"level":"error","message":"[TRIGGER] Vapi API call failed for Meera Nair: Invalid Key. Hot tip, you may be using the private key instead of the public key, or vice versa.","timestamp":"2026-03-06T19:27:45.628Z"}
{"level":"error","message":"[TRIGGER] Vapi API call failed for Ananya Iyer: Invalid Key. Hot tip, you may be using the private key instead of the public key, or vice versa.","timestamp":"2026-03-06T19:27:45.979Z"}
{"level":"error","message":"[TRIGGER] Vapi API call failed for Ananya Iyer: Invalid Key. Hot tip, you may be using the private key instead of the public key, or vice versa.","timestamp":"2026-03-06T19:27:45.981Z"}
{"level":"error","message":"[TRIGGER] Vapi API call failed for Ananya Iyer: Invalid Key. Hot tip, you may be using the private key instead of the public key, or vice versa.","timestamp":"2026-03-06T19:27:45.996Z"}
{"level":"error","message":"[TRIGGER] Vapi API call failed for Ananya Iyer: Invalid Key. Hot tip, you may be using the private key instead of the public key, or vice versa.","timestamp":"2026-03-06T19:27:46.267Z"}
{"level":"error","message":"[TRIGGER] Vapi API call failed for Ananya Iyer: Invalid Key. Hot tip, you may be using the private key instead of the public key, or vice versa.","timestamp":"2026-03-06T19:27:46.994Z"}
{"level":"error","message":"[TRIGGER] Vapi API call failed for Ananya Iyer: Invalid Key. Hot tip, you may be using the private key instead of the public key, or vice versa.","timestamp":"2026-03-06T19:27:48.008Z"}
{"level":"error","message":"[TRIGGER] Vapi API call failed for Ananya Iyer: Invalid Key. Hot tip, you may be using the private key instead of the public key, or vice versa.","timestamp":"2026-03-06T19:27:48.013Z"}
{"level":"error","message":"[TRIGGER] Vapi API call failed for Priya Sharma: Invalid Key. Hot tip, you may be using the private key instead of the public key, or vice versa.","timestamp":"2026-03-07T05:31:39.961Z"}
{"level":"error","message":"[TRIGGER] Vapi API call failed for Arjun Kumar: Invalid Key. Hot tip, you may be using the private key instead of the public key, or vice versa.","timestamp":"2026-03-07T05:31:42.545Z"}
{"level":"error","message":"[TRIGGER] Vapi API call failed for Priya Sharma: Invalid Key. Hot tip, you may be using the private key instead of the public key, or vice versa.","timestamp":"2026-03-07T05:31:44.695Z"}
{"level":"error","message":"[TRIGGER] Vapi API call failed for Meera Nair: Invalid Key. Hot tip, you may be using the private key instead of the public key, or vice versa.","timestamp":"2026-03-07T05:31:45.207Z"}
{"level":"error","message":"[TRIGGER] Vapi API call failed for Arjun Kumar: Invalid Key. Hot tip, you may be using the private key instead of the public key, or vice versa.","timestamp":"2026-03-07T05:31:47.154Z"}
{"level":"error","message":"[TRIGGER] Vapi API call failed for Ananya Iyer: Invalid Key. Hot tip, you may be using the private key instead of the public key, or vice versa.","timestamp":"2026-03-07T05:31:47.546Z"}
{"level":"error","message":"[TRIGGER] Vapi API call failed for Meera Nair: Invalid Key. Hot tip, you may be using the private key instead of the public key, or vice versa.","timestamp":"2026-03-07T05:31:49.569Z"}
{"level":"error","message":"[TRIGGER] Vapi API call failed for Priya Sharma: Invalid Key. Hot tip, you may be using the private key instead of the public key, or vice versa.","timestamp":"2026-03-07T05:31:49.688Z"}
{"level":"error","message":"[TRIGGER] Vapi API call failed for Ananya Iyer: Invalid Key. Hot tip, you may be using the private key instead of the public key, or vice versa.","timestamp":"2026-03-07T05:31:51.967Z"}
{"level":"error","message":"[TRIGGER] Vapi API call failed for Arjun Kumar: Invalid Key. Hot tip, you may be using the private key instead of the public key, or vice versa.","timestamp":"2026-03-07T05:31:51.969Z"}
{"level":"error","message":"[TRIGGER] Vapi API call failed for Meera Nair: Invalid Key. Hot tip, you may be using the private key instead of the public key, or vice versa.","timestamp":"2026-03-07T05:31:54.422Z"}
{"level":"error","message":"[TRIGGER] Vapi API call failed for Ananya Iyer: Invalid Key. Hot tip, you may be using the private key instead of the public key, or vice versa.","timestamp":"2026-03-07T05:31:56.773Z"}
{"level":"error","message":"[TRIGGER] Vapi API call failed for Priya Sharma: Invalid Key. Hot tip, you may be using the private key instead of the public key, or vice versa.","timestamp":"2026-03-07T06:12:09.527Z"}
{"level":"error","message":"[TRIGGER] Vapi API call failed for Arjun Kumar: Invalid Key. Hot tip, you may be using the private key instead of the public key, or vice versa.","timestamp":"2026-03-07T06:12:11.860Z"}
{"level":"error","message":"[TRIGGER] Vapi API call failed for Meera Nair: Invalid Key. Hot tip, you may be using the private key instead of the public key, or vice versa.","timestamp":"2026-03-07T06:12:14.231Z"}
{"level":"error","message":"[TRIGGER] Vapi API call failed for Ananya Iyer: Invalid Key. Hot tip, you may be using the private key instead of the public key, or vice versa.","timestamp":"2026-03-07T06:12:16.585Z"}
{"level":"error","message":"[TRIGGER] Vapi API call failed for Priya Sharma: Invalid Key. Hot tip, you may be using the private key instead of the public key, or vice versa.","timestamp":"2026-03-07T06:12:32.247Z"}
{"level":"error","message":"[TRIGGER] Vapi API call failed for Priya Sharma: Invalid Key. Hot tip, you may be using the private key instead of the public key, or vice versa.","timestamp":"2026-03-07T06:12:33.211Z"}
{"level":"error","message":"[TRIGGER] Vapi API call failed for Arjun Kumar: Invalid Key. Hot tip, you may be using the private key instead of the public key, or vice versa.","timestamp":"2026-03-07T06:12:34.673Z"}
{"level":"error","message":"[TRIGGER] Vapi API call failed for Arjun Kumar: Invalid Key. Hot tip, you may be using the private key instead of the public key, or vice versa.","timestamp":"2026-03-07T06:12:35.908Z"}
{"level":"error","message":"[TRIGGER] Vapi API call failed for Meera Nair: Invalid Key. Hot tip, you may be using the private key instead of the public key, or vice versa.","timestamp":"2026-03-07T06:12:36.977Z"}
{"level":"error","message":"[TRIGGER] Vapi API call failed for Meera Nair: Invalid Key. Hot tip, you may be using the private key instead of the public key, or vice versa.","timestamp":"2026-03-07T06:12:38.397Z"}
{"level":"error","message":"[TRIGGER] Vapi API call failed for Ananya Iyer: Invalid Key. Hot tip, you may be using the private key instead of the public key, or vice versa.","timestamp":"2026-03-07T06:12:39.318Z"}
{"level":"error","message":"[TRIGGER] Vapi API call failed for Ananya Iyer: Invalid Key. Hot tip, you may be using the private key instead of the public key, or vice versa.","timestamp":"2026-03-07T06:12:40.728Z"}
{"level":"error","message":"[TRIGGER] Vapi API call failed for Priya Sharma: Invalid Key. Hot tip, you may be using the private key instead of the public key, or vice versa.","timestamp":"2026-03-07T06:14:33.036Z"}
{"level":"error","message":"[TRIGGER] Vapi API call failed for Arjun Kumar: Invalid Key. Hot tip, you may be using the private key instead of the public key, or vice versa.","timestamp":"2026-03-07T06:14:39.329Z"}
{"level":"error","message":"[TRIGGER] Vapi API call failed for Meera Nair: Invalid Key. Hot tip, you may be using the private key instead of the public key, or vice versa.","timestamp":"2026-03-07T06:14:43.117Z"}
{"level":"error","message":"[TRIGGER] Vapi API call failed for Ananya Iyer: Invalid Key. Hot tip, you may be using the private key instead of the public key, or vice versa.","timestamp":"2026-03-07T06:14:46.701Z"}
{"level":"error","message":"[TRIGGER] Vapi API call failed for Vikram Singh: Invalid Key. Hot tip, you may be using the private key instead of the public key, or vice versa.","timestamp":"2026-03-07T06:15:01.447Z"}
{"level":"error","message":"[TRIGGER] Vapi API call failed for Kavya Reddy: Invalid Key. Hot tip, you may be using the private key instead of the public key, or vice versa.","timestamp":"2026-03-07T06:15:03.904Z"}
{"level":"error","message":"[TRIGGER] Vapi API call failed for Rohan Das: Invalid Key. Hot tip, you may be using the private key instead of the public key, or vice versa.","timestamp":"2026-03-07T06:15:06.260Z"}
{"level":"error","message":"[TRIGGER] Vapi API call failed for Vikram Singh: Invalid Key. Hot tip, you may be using the private key instead of the public key, or vice versa.","timestamp":"2026-03-07T06:34:43.631Z"}
{"level":"error","message":"[TRIGGER] Vapi API call failed for Kavya Reddy: Invalid Key. Hot tip, you may be using the private key instead of the public key, or vice versa.","timestamp":"2026-03-07T06:34:46.191Z"}
{"level":"error","message":"[TRIGGER] Vapi API call failed for Rohan Das: Invalid Key. Hot tip, you may be using the private key instead of the public key, or vice versa.","timestamp":"2026-03-07T06:34:48.647Z"}
{"level":"error","message":"[TRIGGER] Vapi API call failed for Vikram Singh: Invalid Key. Hot tip, you may be using the private key instead of the public key, or vice versa.","timestamp":"2026-03-07T06:35:04.417Z"}
{"level":"error","message":"[TRIGGER] Vapi API call failed for Vikram Singh: Invalid Key. Hot tip, you may be using the private key instead of the public key, or vice versa.","timestamp":"2026-03-07T06:37:03.310Z"}
{"level":"error","message":"[TRIGGER] Vapi API call failed for Kavya Reddy: Invalid Key. Hot tip, you may be using the private key instead of the public key, or vice versa.","timestamp":"2026-03-07T06:37:05.761Z"}
{"level":"error","message":"[TRIGGER] Vapi API call failed for Rohan Das: Invalid Key. Hot tip, you may be using the private key instead of the public key, or vice versa.","timestamp":"2026-03-07T06:37:08.116Z"}
{"level":"error","message":"[TRIGGER] Vapi API call failed for Vikram Singh: Invalid Key. Hot tip, you may be using the private key instead of the public key, or vice versa.","timestamp":"2026-03-07T06:37:16.718Z"}
{"level":"error","message":"[TRIGGER] Vapi API call failed for Kavya Reddy: Invalid Key. Hot tip, you may be using the private key instead of the public key, or vice versa.","timestamp":"2026-03-07T06:37:17.947Z"}
{"level":"error","message":"[TRIGGER] Vapi API call failed for Vikram Singh: Invalid Key. Hot tip, you may be using the private key instead of the public key, or vice versa.","timestamp":"2026-03-07T06:37:23.070Z"}
{"level":"error","message":"[TRIGGER] Vapi API call failed for Kavya Reddy: Invalid Key. Hot tip, you may be using the private key instead of the public key, or vice versa.","timestamp":"2026-03-07T06:37:25.626Z"}
{"level":"error","message":"[TRIGGER] Vapi API call failed for Rohan Das: Invalid Key. Hot tip, you may be using the private key instead of the public key, or vice versa.","timestamp":"2026-03-07T06:37:28.289Z"}
{"level":"error","message":"[TRIGGER] Vapi API call failed for Vikram Singh: Invalid Key. Hot tip, you may be using the private key instead of the public key, or vice versa.","timestamp":"2026-03-07T06:37:48.156Z"}
{"level":"error","message":"[TRIGGER] Vapi API call failed for Kavya Reddy: Invalid Key. Hot tip, you may be using the private key instead of the public key, or vice versa.","timestamp":"2026-03-07T06:37:50.611Z"}
{"level":"error","message":"[TRIGGER] Vapi API call failed for Rohan Das: Invalid Key. Hot tip, you may be using the private key instead of the public key, or vice versa.","timestamp":"2026-03-07T06:37:52.938Z"}
{"level":"error","message":"[TRIGGER] Vapi API call failed for Abhishek (Demo): Invalid Key. Hot tip, you may be using the private key instead of the public key, or vice versa.","timestamp":"2026-03-07T06:38:15.520Z"}
{"level":"error","message":"[TRIGGER] Vapi API call failed for Abhishek (Demo): Invalid Key. Hot tip, you may be using the private key instead of the public key, or vice versa.","timestamp":"2026-03-07T06:38:18.452Z"}
{"level":"error","message":"[TRIGGER] Vapi API call failed for Priya Sharma: Invalid Key. Hot tip, you may be using the private key instead of the public key, or vice versa.","timestamp":"2026-03-07T06:38:23.420Z"}
{"level":"error","message":"[TRIGGER] Vapi API call failed for Arjun Kumar: Invalid Key. Hot tip, you may be using the private key instead of the public key, or vice versa.","timestamp":"2026-03-07T06:38:25.838Z"}
{"level":"error","message":"[TRIGGER] Vapi API call failed for Meera Nair: Invalid Key. Hot tip, you may be using the private key instead of the public key, or vice versa.","timestamp":"2026-03-07T06:38:28.295Z"}
{"level":"error","message":"[TRIGGER] Vapi API call failed for Ananya Iyer: Invalid Key. Hot tip, you may be using the private key instead of the public key, or vice versa.","timestamp":"2026-03-07T06:38:30.854Z"}
{"level":"error","message":"[TRIGGER] Vapi API call failed for Abhishek (Demo): Invalid Key. Hot tip, you may be using the private key instead of the public key, or vice versa.","timestamp":"2026-03-07T06:38:33.311Z"}
{"level":"error","message":"[TRIGGER] Vapi API call failed for Priya Sharma: Invalid Key. Hot tip, you may be using the private key instead of the public key, or vice versa.","timestamp":"2026-03-07T06:38:47.550Z"}
{"level":"error","message":"[TRIGGER] Vapi API call failed for Priya Sharma: Invalid Key. Hot tip, you may be using the private key instead of the public key, or vice versa.","timestamp":"2026-03-07T06:38:47.629Z"}
{"level":"error","message":"[TRIGGER] Vapi API call failed for Priya Sharma: Invalid Key. Hot tip, you may be using the private key instead of the public key, or vice versa.","timestamp":"2026-03-07T06:38:47.643Z"}
{"level":"error","message":"[TRIGGER] Vapi API call failed for Priya Sharma: Invalid Key. Hot tip, you may be using the private key instead of the public key, or vice versa.","timestamp":"2026-03-07T06:38:47.771Z"}
{"level":"error","message":"[TRIGGER] Vapi API call failed for Priya Sharma: Invalid Key. Hot tip, you may be using the private key instead of the public key, or vice versa.","timestamp":"2026-03-07T06:38:48.261Z"}
{"level":"error","message":"[TRIGGER] Vapi API call failed for Priya Sharma: Invalid Key. Hot tip, you may be using the private key instead of the public key, or vice versa.","timestamp":"2026-03-07T06:38:48.735Z"}
{"level":"error","message":"[TRIGGER] Vapi API call failed for Priya Sharma: Invalid Key. Hot tip, you may be using the private key instead of the public key, or vice versa.","timestamp":"2026-03-07T06:38:49.099Z"}
{"level":"error","message":"[TRIGGER] Vapi API call failed for Priya Sharma: Invalid Key. Hot tip, you may be using the private key instead of the public key, or vice versa.","timestamp":"2026-03-07T06:38:49.119Z"}
{"level":"error","message":"[TRIGGER] Vapi API call failed for Priya Sharma: Invalid Key. Hot tip, you may be using the private key instead of the public key, or vice versa.","timestamp":"2026-03-07T06:38:49.187Z"}
{"level":"error","message":"[TRIGGER] Vapi API call failed for Arjun Kumar: Invalid Key. Hot tip, you may be using the private key instead of the public key, or vice versa.","timestamp":"2026-03-07T06:38:49.841Z"}
{"level":"error","message":"[TRIGGER] Vapi API call failed for Arjun Kumar: Invalid Key. Hot tip, you may be using the private key instead of the public key, or vice versa.","timestamp":"2026-03-07T06:38:50.166Z"}
{"level":"error","message":"[TRIGGER] Vapi API call failed for Arjun Kumar: Invalid Key. Hot tip, you may be using the private key instead of the public key, or vice versa.","timestamp":"2026-03-07T06:38:50.700Z"}
{"level":"error","message":"[TRIGGER] Vapi API call failed for Arjun Kumar: Invalid Key. Hot tip, you may be using the private key instead of the public key, or vice versa.","timestamp":"2026-03-07T06:38:50.789Z"}
{"level":"error","message":"[TRIGGER] Vapi API call failed for Arjun Kumar: Invalid Key. Hot tip, you may be using the private key instead of the public key, or vice versa.","timestamp":"2026-03-07T06:38:51.029Z"}
{"level":"error","message":"[TRIGGER] Vapi API call failed for Arjun Kumar: Invalid Key. Hot tip, you may be using the private key instead of the public key, or vice versa.","timestamp":"2026-03-07T06:38:51.443Z"}
{"level":"error","message":"[TRIGGER] Vapi API call failed for Arjun Kumar: Invalid Key. Hot tip, you may be using the private key instead of the public key, or vice versa.","timestamp":"2026-03-07T06:38:51.641Z"}
{"level":"error","message":"[TRIGGER] Vapi API call failed for Arjun Kumar: Invalid Key. Hot tip, you may be using the private key instead of the public key, or vice versa.","timestamp":"2026-03-07T06:38:51.643Z"}
{"level":"error","message":"[TRIGGER] Vapi API call failed for Arjun Kumar: Invalid Key. Hot tip, you may be using the private key instead of the public key, or vice versa.","timestamp":"2026-03-07T06:38:51.667Z"}
{"level":"error","message":"[TRIGGER] Vapi API call failed for Meera Nair: Invalid Key. Hot tip, you may be using the private key instead of the public key, or vice versa.","timestamp":"2026-03-07T06:38:52.813Z"}
{"level":"error","message":"[TRIGGER] Vapi API call failed for Meera Nair: Invalid Key. Hot tip, you may be using the private key instead of the public key, or vice versa.","timestamp":"2026-03-07T06:38:53.075Z"}
{"level":"error","message":"[TRIGGER] Vapi API call failed for Meera Nair: Invalid Key. Hot tip, you may be using the private key instead of the public key, or vice versa.","timestamp":"2026-03-07T06:38:53.655Z"}
{"level":"error","message":"[TRIGGER] Vapi API call failed for Meera Nair: Invalid Key. Hot tip, you may be using the private key instead of the public key, or vice versa.","timestamp":"2026-03-07T06:38:53.675Z"}
{"level":"error","message":"[TRIGGER] Vapi API call failed for Meera Nair: Invalid Key. Hot tip, you may be using the private key instead of the public key, or vice versa.","timestamp":"2026-03-07T06:38:53.894Z"}
{"level":"error","message":"[TRIGGER] Vapi API call failed for Meera Nair: Invalid Key. Hot tip, you may be using the private key instead of the public key, or vice versa.","timestamp":"2026-03-07T06:38:54.003Z"}
{"level":"error","message":"[TRIGGER] Vapi API call failed for Meera Nair: Invalid Key. Hot tip, you may be using the private key instead of the public key, or vice versa.","timestamp":"2026-03-07T06:38:54.043Z"}
{"level":"error","message":"[TRIGGER] Vapi API call failed for Meera Nair: Invalid Key. Hot tip, you may be using the private key instead of the public key, or vice versa.","timestamp":"2026-03-07T06:38:54.188Z"}
{"level":"error","message":"[TRIGGER] Vapi API call failed for Meera Nair: Invalid Key. Hot tip, you may be using the private key instead of the public key, or vice versa.","timestamp":"2026-03-07T06:38:54.208Z"}
{"level":"error","message":"[TRIGGER] Vapi API call failed for Abhishek (Demo): Invalid Key. Hot tip, you may be using the private key instead of the public key, or vice versa.","timestamp":"2026-03-07T06:38:54.715Z"}
{"level":"error","message":"[TRIGGER] Vapi API call failed for Ananya Iyer: Invalid Key. Hot tip, you may be using the private key instead of the public key, or vice versa.","timestamp":"2026-03-07T06:38:55.142Z"}
{"level":"error","message":"[TRIGGER] Vapi API call failed for Ananya Iyer: Invalid Key. Hot tip, you may be using the private key instead of the public key, or vice versa.","timestamp":"2026-03-07T06:38:55.533Z"}
{"level":"error","message":"[TRIGGER] Vapi API call failed for Ananya Iyer: Invalid Key. Hot tip, you may be using the private key instead of the public key, or vice versa.","timestamp":"2026-03-07T06:38:56.000Z"}
{"level":"error","message":"[TRIGGER] Vapi API call failed for Ananya Iyer: Invalid Key. Hot tip, you may be using the private key instead of the public key, or vice versa.","timestamp":"2026-03-07T06:38:56.019Z"}
{"level":"error","message":"[TRIGGER] Vapi API call failed for Ananya Iyer: Invalid Key. Hot tip, you may be using the private key instead of the public key, or vice versa.","timestamp":"2026-03-07T06:38:56.249Z"}
{"level":"error","message":"[TRIGGER] Vapi API call failed for Ananya Iyer: Invalid Key. Hot tip, you may be using the private key instead of the public key, or vice versa.","timestamp":"2026-03-07T06:38:56.301Z"}
{"level":"error","message":"[TRIGGER] Vapi API call failed for Ananya Iyer: Invalid Key. Hot tip, you may be using the private key instead of the public key, or vice versa.","timestamp":"2026-03-07T06:38:56.313Z"}
{"level":"error","message":"[TRIGGER] Vapi API call failed for Ananya Iyer: Invalid Key. Hot tip, you may be using the private key instead of the public key, or vice versa.","timestamp":"2026-03-07T06:38:56.576Z"}
{"level":"error","message":"[TRIGGER] Vapi API call failed for Ananya Iyer: Invalid Key. Hot tip, you may be using the private key instead of the public key, or vice versa.","timestamp":"2026-03-07T06:38:56.608Z"}
{"level":"error","message":"[TRIGGER] Vapi API call failed for Abhishek (Demo): Invalid Key. Hot tip, you may be using the private key instead of the public key, or vice versa.","timestamp":"2026-03-07T06:38:56.958Z"}
{"level":"error","message":"[TRIGGER] Vapi API call failed for Abhishek (Demo): Invalid Key. Hot tip, you may be using the private key instead of the public key, or vice versa.","timestamp":"2026-03-07T06:38:57.581Z"}
{"level":"error","message":"[TRIGGER] Vapi API call failed for Abhishek (Demo): Invalid Key. Hot tip, you may be using the private key instead of the public key, or vice versa.","timestamp":"2026-03-07T06:38:57.584Z"}
{"level":"error","message":"[TRIGGER] Vapi API call failed for Abhishek (Demo): Invalid Key. Hot tip, you may be using the private key instead of the public key, or vice versa.","timestamp":"2026-03-07T06:38:57.990Z"}
{"level":"error","message":"[TRIGGER] Vapi API call failed for Abhishek (Demo): Invalid Key. Hot tip, you may be using the private key instead of the public key, or vice versa.","timestamp":"2026-03-07T06:38:58.305Z"}
{"level":"error","message":"[TRIGGER] Vapi API call failed for Abhishek (Demo): Invalid Key. Hot tip, you may be using the private key instead of the public key, or vice versa.","timestamp":"2026-03-07T06:38:58.347Z"}
{"level":"error","message":"[TRIGGER] Vapi API call failed for Abhishek (Demo): Invalid Key. Hot tip, you may be using the private key instead of the public key, or vice versa.","timestamp":"2026-03-07T06:38:58.572Z"}
{"level":"error","message":"[TRIGGER] Vapi API call failed for Abhishek (Demo): Invalid Key. Hot tip, you may be using the private key instead of the public key, or vice versa.","timestamp":"2026-03-07T06:38:58.648Z"}
{"level":"error","message":"[TRIGGER] Vapi API call failed for Abhishek (Demo): Invalid Key. Hot tip, you may be using the private key instead of the public key, or vice versa.","timestamp":"2026-03-07T06:38:58.741Z"}
{"level":"error","message":"[TRIGGER] Vapi API call failed for Abhishek (Demo): Invalid Key. Hot tip, you may be using the private key instead of the public key, or vice versa.","timestamp":"2026-03-07T06:38:58.931Z"}
{"level":"error","message":"[TRIGGER] Vapi API call failed for Abhishek (Demo): Invalid Key. Hot tip, you may be using the private key instead of the public key, or vice versa.","timestamp":"2026-03-07T06:38:58.971Z"}
{"level":"error","message":"[TRIGGER] Vapi API call failed for Priya Sharma: Couldn't Get Assistant. `assistantId` e8486b70-78c3-4477-ae35-8e1e576dff09 Does Not Exist.","timestamp":"2026-03-07T06:42:20.342Z"}
{"level":"error","message":"[TRIGGER] Vapi API call failed for Arjun Kumar: Couldn't Get Assistant. `assistantId` e8486b70-78c3-4477-ae35-8e1e576dff09 Does Not Exist.","timestamp":"2026-03-07T06:42:23.013Z"}
{"level":"error","message":"[TRIGGER] Vapi API call failed for Meera Nair: Couldn't Get Assistant. `assistantId` e8486b70-78c3-4477-ae35-8e1e576dff09 Does Not Exist.","timestamp":"2026-03-07T06:42:25.555Z"}
{"level":"error","message":"[TRIGGER] Vapi API call failed for Abhishek (Demo): Couldn't Get Assistant. `assistantId` e8486b70-78c3-4477-ae35-8e1e576dff09 Does Not Exist.","timestamp":"2026-03-07T06:42:25.602Z"}
{"level":"error","message":"[TRIGGER] Vapi API call failed for Ananya Iyer: Couldn't Get Assistant. `assistantId` e8486b70-78c3-4477-ae35-8e1e576dff09 Does Not Exist.","timestamp":"2026-03-07T06:42:28.262Z"}
{"level":"error","message":"[TRIGGER] Vapi API call failed for Abhishek (Demo): Couldn't Get Assistant. `assistantId` e8486b70-78c3-4477-ae35-8e1e576dff09 Does Not Exist.","timestamp":"2026-03-07T06:42:30.659Z"}
{"level":"error","message":"[TRIGGER] Vapi API call failed for Abhishek (Demo): Couldn't Get Assistant. `assistantId` e8486b70-78c3-4477-ae35-8e1e576dff09 Does Not Exist.","timestamp":"2026-03-07T06:42:44.604Z"}
{"level":"error","message":"[SIMULATOR] Student Rohan Das did not answer. FUTURE SCOPE: Escalating to Parent Call...","timestamp":"2026-03-07T06:54:07.045Z"}
{"level":"error","message":"[SIMULATOR] Student Kavya Reddy did not answer. FUTURE SCOPE: Escalating to Parent Call...","timestamp":"2026-03-07T06:57:06.948Z"}
{"level":"error","message":"[SIMULATOR] Student Vikram Singh did not answer. FUTURE SCOPE: Escalating to Parent Call...","timestamp":"2026-03-07T06:57:19.154Z"}
{"level":"error","message":"[SIMULATOR] Student Vikram Singh did not answer. FUTURE SCOPE: Escalating to Parent Call...","timestamp":"2026-03-07T06:59:03.709Z"}
{"level":"error","message":"[SIMULATOR] Student Vikram Singh did not answer. FUTURE SCOPE: Escalating to Parent Call...","timestamp":"2026-03-07T06:59:31.359Z"}
{"level":"error","message":"[SIMULATOR] Student Vikram Singh did not answer. FUTURE SCOPE: Escalating to Parent Call...","timestamp":"2026-03-07T08:10:09.160Z"}
{"level":"error","message":"[SIMULATOR] Student Kavya Reddy did not answer. FUTURE SCOPE: Escalating to Parent Call...","timestamp":"2026-03-07T08:10:13.490Z"}
{"level":"error","message":"[SIMULATOR] Student Rohan Das did not answer. FUTURE SCOPE: Escalating to Parent Call...","timestamp":"2026-03-07T08:10:19.523Z"}
{"level":"error","message":"[SIMULATOR] Student Vikram Singh did not answer. FUTURE SCOPE: Escalating to Parent Call...","timestamp":"2026-03-07T08:10:25.536Z"}
{"level":"error","message":"[SIMULATOR] Student Vikram Singh did not answer. FUTURE SCOPE: Escalating to Parent Call...","timestamp":"2026-03-07T08:20:27.762Z"}
{"level":"error","message":"[CRON] Error checking participation for contest cmmg1vtlb000amob5xha24zl7: Contest not found","timestamp":"2026-03-07T08:34:00.040Z"}
{"level":"error","message":"[SIMULATOR] Student Rakesh A did not answer. FUTURE SCOPE: Escalating to Parent Call...","timestamp":"2026-03-07T11:16:31.582Z"}
{"level":"error","message":"[SIMULATOR] Student Rakesh A did not answer the Voice Call. Activating AI Chatbot Fallback...","timestamp":"2026-03-07T11:23:31.266Z"}
{"level":"error","message":"[SIMULATOR] Student Rakesh A did not answer the Voice Call. Activating AI Chatbot Fallback...","timestamp":"2026-03-07T14:10:44.796Z"}
{"level":"error","message":"[SIMULATOR] Student Rakesh A did not answer the Voice Call. Activating AI Chatbot Fallback...","timestamp":"2026-03-07T14:10:47.235Z"}
{"level":"error","message":"[SIMULATOR] Student Rakesh A did not answer the Voice Call. Activating AI Chatbot Fallback...","timestamp":"2026-03-07T14:13:59.926Z"}
{"level":"error","message":"[SIMULATOR] Student Rakesh A did not answer the Voice Call. Activating AI Chatbot Fallback...","timestamp":"2026-03-07T14:15:09.867Z"}
{"level":"error","message":"[SIMULATOR] Student Akash Arul Kumar did not answer the Voice Call. Activating AI Chatbot Fallback...","timestamp":"2026-03-07T14:16:17.248Z"}
{"level":"error","message":"[SIMULATOR] Student Rakesh A did not answer the Voice Call. Activating AI Chatbot Fallback...","timestamp":"2026-03-08T05:34:55.111Z"}
{"level":"error","message":"[SIMULATOR] Student Rakesh A did not answer the Voice Call. Activating AI Chatbot Fallback...","timestamp":"2026-03-09T10:28:50.990Z"}
{"level":"error","message":"[SIMULATOR] Student Rakesh A did not answer the Voice Call. Activating AI Chatbot Fallback...","timestamp":"2026-03-09T10:49:48.261Z"}
{"level":"error","message":"[ERROR] ZodError: [\n  {\n    \"code\": \"invalid_value\",\n    \"values\": [\n      \"LeetCode\",\n      \"SkillRack\",\n      \"Manual\"\n    ],\n    \"path\": [\n      \"platform\"\n    ],\n    \"message\": \"Invalid option: expected one of \\\"LeetCode\\\"|\\\"SkillRack\\\"|\\\"Manual\\\"\"\n  }\n]\n    at <anonymous> (C:\\SEG_HACK_2\\backend\\src\\routes\\contests.ts:45:12)\n    at Layer.handleRequest (C:\\SEG_HACK_2\\backend\\node_modules\\router\\lib\\layer.js:152:17)\n    at next (C:\\SEG_HACK_2\\backend\\node_modules\\router\\lib\\route.js:157:13)\n    at Route.dispatch (C:\\SEG_HACK_2\\backend\\node_modules\\router\\lib\\route.js:117:3)\n    at handle (C:\\SEG_HACK_2\\backend\\node_modules\\router\\index.js:435:11)\n    at Layer.handleRequest (C:\\SEG_HACK_2\\backend\\node_modules\\router\\lib\\layer.js:152:17)\n    at C:\\SEG_HACK_2\\backend\\node_modules\\router\\index.js:295:15\n    at processParams (C:\\SEG_HACK_2\\backend\\node_modules\\router\\index.js:582:12)\n    at next (C:\\SEG_HACK_2\\backend\\node_modules\\router\\index.js:291:5)\n    at router.handle (C:\\SEG_HACK_2\\backend\\node_modules\\router\\index.js:186:3)","timestamp":"2026-03-11T11:39:32.375Z"}
{"level":"error","message":"[SIMULATOR] Student Rakesh A did not answer the Voice Call. Activating AI Chatbot Fallback...","timestamp":"2026-03-11T14:27:06.690Z"}
{"level":"error","message":"[STARTUP] Error fetching scheduled contests: \nInvalid `prisma.contest.findMany()` invocation in\nC:\\SEG_HACK_2\\backend\\src\\index.ts:32:56\n\n  29 logger.info(`[STARTUP] Express server listening on port ${env.PORT}`);\n  30 \n  31 try {\n→ 32     const scheduledContests = await prisma.contest.findMany(\nThe table `main.Contest` does not exist in the current database.","timestamp":"2026-03-12T03:36:30.395Z"}
{"level":"error","message":"[SIMULATOR] Student Student CSE 2 did not answer the Voice Call. Activating AI Chatbot Fallback...","timestamp":"2026-03-12T04:24:16.496Z"}
